<?xml version="1.0" encoding="UTF-8"?>
<logger class="org.jpos.util.DailyLogListener">
<log realm="Q2.system" at="2018-01-19T10:39:03.685">
  <info>
    Q2 started, deployDir=/home/terrence/projects/BANK_STANBIC/build/install/BANK_STANBIC/deploy
  </info>
</log>
<log realm="Q2.system" at="2018-01-19T10:39:07.527" lifespan="3618ms">
  <version>
    jPOS 2.1.1 master/2a2874f (2017-11-13 11:09:54 ART)
BANK_STANBIC 2.1.1 unknown/unknown (2018-01-19 10:38:55 CAT)

-----BEGIN PGP SIGNED MESSAGE-----
Hash: SHA1

jPOS Community Edition, licensed under GNU AGPL v3.0.
This software is probably not suitable for commercial use.
Please see http://jpos.org/license for details.

-----BEGIN PGP SIGNATURE-----
Version: GnuPG v1.4.9 (Darwin)

iQEcBAEBAgAGBQJMolHDAAoJEOQyeO71nYtFv74H/3OgehDGEy1VXp2U3/GcAobg
HH2eZjPUz53r38ARPiU3pzm9LwDa3WZgJJaa/b9VrJwKvbPwe9+0kY3gScDE1skT
ladHt+KHHmGQArEutkzHlpZa73RbroFEIa1qmN6MaDEHGoxZqDh0Sv2cpvOaVYGO
St8ZaddLBPC17bSjAPWo9sWbvL7FgPFOHhnPmbeux8SLtnfWxXWsgo5hLBanKmO1
1z+I/w/6DL6ZYZU6bAJUk+eyVVImJqw0x3IEElI07Nh9MC6BA4iJ77ejobj8HI2r
q9ulRPEqH9NR79619lNKVUkE206dVlXo7xHmJS1QZy5v/GT66xBxyDVfTduPFXk=
=oP+v
-----END PGP SIGNATURE-----

  </version>
</log>
<log realm="Q2.system" at="2018-01-19T10:39:07.794" lifespan="117ms">
  <info>
    deploy: /home/terrence/projects/BANK_STANBIC/build/install/BANK_STANBIC/deploy/50_stanbic_server.xml
  </info>
</log>
<log realm="Q2.system" at="2018-01-19T10:39:07.946" lifespan="132ms">
  <info>
    deploy: /home/terrence/projects/BANK_STANBIC/build/install/BANK_STANBIC/deploy/99_sysmon.xml
  </info>
</log>
<log realm="org.jpos.q2.qbean.SystemMonitor" at="2018-01-19T10:39:08.260">
  <info>
    Starting SystemMonitor
  </info>
</log>
<log realm="simulator_7114.server" at="2018-01-19T10:39:09.317" lifespan="962ms">
  <iso-server>
    listening on port 7114
  </iso-server>
</log>
<log realm="org.jpos.q2.qbean.SystemMonitor" at="2018-01-19T10:39:08.292">
  <info>
               OS: Linux (4.14.0-parrot12-amd64)
             Java: 1.8.0_151 (Oracle Corporation) AES-secure
     process name: 8162@parrot
             host: parrot/127.0.1.1
              cwd: /home/terrence/projects/BANK_STANBIC/build/install/BANK_STANBIC
       free space: 153.7 GiB
     usable space: 144.9 GiB
          version: 2.1.1 (2a2874f)
         instance: 0829b936-b0bf-46ea-9b9a-fe4b51602075
           uptime: 00:00:07.984 (5.980000)
       processors: 2
           drift : 0
    memory(t/u/f): 84/26/57
         encoding: UTF-8
         timezone: Africa/Harare (Central Africa Time) +02:00
    watch service: sun.nio.fs.LinuxWatchService
            clock: 1516351149 2018-01-19T08:39:08.330Z
     thread count: 11
     peak threads: 11
     user threads: 8
            Thread[Reference Handler,10,system]
            Thread[Finalizer,8,system]
            Thread[Signal Dispatcher,9,system]
            Thread[pool-1-thread-1,5,main]
            Thread[Q2-0829b936-b0bf-46ea-9b9a-fe4b51602075,5,main]
            Thread[DestroyJavaVM,5,main]
            Thread[Thread-1,5,main]
            Thread[Timer-0,5,main]
            Thread[Thread-4,5,main]
            Thread[SystemMonitor,5,main]
            Thread[simulator_7114-ThreadPool.PooledThread-0,5,simulator_7114-ThreadPool-0]
    name-registrar:
      tspace:default: org.jpos.space.TSpace
         key-count: 0
            gcinfo: 0,0
      Q2: org.jpos.q2.Q2
      simulator_7114: org.jpos.q2.iso.QServer
      logger.Q2: org.jpos.util.Logger
      logger.Q2.buffered: org.jpos.util.BufferedLogListener
      server.simulator_7114: org.jpos.iso.ISOServer
        connected=0, rx=0, tx=0, last=0
  </info>
</log>
<log realm="simulator_7114.server.session/127.0.0.1:40194" at="2018-01-19T10:39:09.354">
  <session-start/>
</log>
<log realm="channel/127.0.0.1:40194" at="2018-01-19T10:44:08.948" lifespan="299593ms">
  <receive>
    <peer-disconnect/>
  </receive>
</log>
<log realm="simulator_7114.server.session/127.0.0.1:40194" at="2018-01-19T10:44:08.961">
  <session-end/>
</log>
<log realm="simulator_7114.server.session/127.0.0.1:40688" at="2018-01-19T10:44:18.965">
  <session-start/>
</log>
<log realm="channel/127.0.0.1:40688" at="2018-01-19T10:45:06.897" lifespan="47920ms">
  <receive>
    <isomsg direction="incoming">
      <!-- org.jpos.iso.packager.XML2003Packager -->
      <field id="0" value="2100"/>
      <field id="2" value="4069131111111111"/>
      <field id="3" value="003000"/>
      <field id="4" value="865"/>
      <field id="7" value="0102141155"/>
      <field id="11" value="000001"/>
      <field id="14" value="1220"/>
      <field id="24" value="100"/>
      <field id="26" value="5141"/>
      <field id="41" value="00000001"/>
      <isomsg id="43">
        <field id="2" value="TelOne TelMarket"/>
        <field id="3" value="Robert Mugabe road"/>
        <field id="4" value="Harare"/>
        <field id="7" value="263"/>
      </isomsg>
      <isomsg id="113">
        <field id="3" value="Terrence Munyunguma"/>
        <field id="11" value="17 Harold Gordon Drive"/>
        <field id="12" value="jyiutuyt"/>
        <field id="13" value="Hwange"/>
        <field id="17" value="0773638697"/>
      </isomsg>
    </isomsg>
  </receive>
</log>
<log realm="channel/127.0.0.1:40688" at="2018-01-19T10:45:07.322" lifespan="3ms">
  <send>
    <isomsg>
      <!-- org.jpos.iso.packager.XML2003Packager -->
      <field id="0" value="2110"/>
      <field id="2" value="4069131111111111"/>
      <field id="3" value="003000"/>
      <field id="4" value="865"/>
      <field id="7" value="0102141155"/>
      <field id="11" value="000001"/>
      <field id="14" value="1220"/>
      <field id="24" value="100"/>
      <field id="26" value="5141"/>
      <field id="37" value="107928"/>
      <field id="38" value="394952"/>
      <field id="39" value="1810"/>
      <field id="41" value="00000001"/>
      <isomsg id="43">
        <field id="2" value="TelOne TelMarket"/>
        <field id="3" value="Robert Mugabe road"/>
        <field id="4" value="Harare"/>
        <field id="7" value="263"/>
      </isomsg>
      <isomsg id="113">
        <field id="3" value="Terrence Munyunguma"/>
        <field id="11" value="17 Harold Gordon Drive"/>
        <field id="12" value="jyiutuyt"/>
        <field id="13" value="Hwange"/>
        <field id="17" value="0773638697"/>
      </isomsg>
    </isomsg>
  </send>
</log>
<log realm="channel/127.0.0.1:40688" at="2018-01-19T10:46:42.456" lifespan="94991ms">
  <receive>
    <peer-disconnect/>
  </receive>
</log>
<log realm="simulator_7114.server.session/127.0.0.1:40688" at="2018-01-19T10:46:42.458">
  <session-end/>
</log>
<log realm="Q2.system" at="2018-01-19T10:47:09.390">
  <info>
    shutting down (hook)
  </info>
</log>
<log realm="Q2.system" at="2018-01-19T10:47:11.028">
  <trace>
    undeploying:/home/terrence/projects/BANK_STANBIC/build/install/BANK_STANBIC/deploy/99_sysmon.xml
  </trace>
</log>
<log realm="org.jpos.q2.qbean.SystemMonitor" at="2018-01-19T10:47:11.032">
  <info>
    Stopping SystemMonitor
  </info>
</log>
<log realm="org.jpos.q2.qbean.SystemMonitor" at="2018-01-19T10:47:11.036">
  <info>
               OS: Linux (4.14.0-parrot12-amd64)
             Java: 1.8.0_151 (Oracle Corporation) AES-secure
     process name: 8162@parrot
             host: parrot/127.0.1.1
              cwd: /home/terrence/projects/BANK_STANBIC/build/install/BANK_STANBIC
       free space: 153.7 GiB
     usable space: 144.9 GiB
          version: 2.1.1 (2a2874f)
         instance: 0829b936-b0bf-46ea-9b9a-fe4b51602075
           uptime: 00:08:10.630 (1.160000)
       processors: 2
           drift : 0
    memory(t/u/f): 84/14/70
         encoding: UTF-8
         timezone: Africa/Harare (Central Africa Time) +02:00
    watch service: sun.nio.fs.LinuxWatchService
            clock: 1516351631 2018-01-19T08:47:11.038Z
     thread count: 13
     peak threads: 14
     user threads: 9
            Thread[Reference Handler,10,system]
            Thread[Finalizer,8,system]
            Thread[Signal Dispatcher,9,system]
            Thread[SIGTERM handler,9,system]
            Thread[pool-1-thread-1,5,main]
            Thread[Q2-0829b936-b0bf-46ea-9b9a-fe4b51602075,5,main]
            Thread[DestroyJavaVM,5,main]
            Thread[Thread-1,5,main]
            Thread[Timer-0,5,main]
            Thread[Thread-4,5,main]
            Thread[SystemMonitor,5,main]
            Thread[Q2-ShutdownHook,5,main]
            Thread[simulator_7114-ThreadPool.PooledThread-0-idle,5,simulator_7114-ThreadPool-0]
    name-registrar:
      tspace:default: org.jpos.space.TSpace
         key-count: 0
            gcinfo: 0,0
      Q2: org.jpos.q2.Q2
      simulator_7114: org.jpos.q2.iso.QServer
      logger.Q2: org.jpos.util.Logger
      logger.Q2.buffered: org.jpos.util.BufferedLogListener
      server.simulator_7114: org.jpos.iso.ISOServer
        connected=0, rx=0, tx=0, last=1516351506969, idle=124079ms
  </info>
</log>
<log realm="Q2.system" at="2018-01-19T10:47:11.049" lifespan="12ms">
  <info>
    undeployed:/home/terrence/projects/BANK_STANBIC/build/install/BANK_STANBIC/deploy/99_sysmon.xml
  </info>
</log>
<log realm="Q2.system" at="2018-01-19T10:47:11.052">
  <trace>
    undeploying:/home/terrence/projects/BANK_STANBIC/build/install/BANK_STANBIC/deploy/50_stanbic_server.xml
  </trace>
</log>
<log realm="Q2.system" at="2018-01-19T10:47:11.059">
  <info>
    undeployed:/home/terrence/projects/BANK_STANBIC/build/install/BANK_STANBIC/deploy/50_stanbic_server.xml
  </info>
</log>
<log realm="Q2.system" at="2018-01-19T10:47:11.063">
  <trace>
    undeploying:/home/terrence/projects/BANK_STANBIC/build/install/BANK_STANBIC/deploy/00_logger.xml
  </trace>
</log>
</logger>
