<?xml version="1.0" encoding="UTF-8"?>
<logger class="org.jpos.util.DailyLogListener">
<log realm="Q2.system" at="2018-01-17T22:38:46.584">
  <info>
    Q2 started, deployDir=/home/terrence/projects/BANK_FBC/build/install/BANK_FBC/deploy
  </info>
</log>
<log realm="Q2.system" at="2018-01-17T22:38:48.331" lifespan="1643ms">
  <version>
    jPOS 2.1.1 master/2a2874f (2017-11-13 11:09:54 ART)
BANK_FBC 2.1.1 unknown/unknown (2018-01-17 22:38:43 CAT)

-----BEGIN PGP SIGNED MESSAGE-----
Hash: SHA1

jPOS Community Edition, licensed under GNU AGPL v3.0.
This software is probably not suitable for commercial use.
Please see http://jpos.org/license for details.

-----BEGIN PGP SIGNATURE-----
Version: GnuPG v1.4.9 (Darwin)

iQEcBAEBAgAGBQJMolHDAAoJEOQyeO71nYtFv74H/3OgehDGEy1VXp2U3/GcAobg
HH2eZjPUz53r38ARPiU3pzm9LwDa3WZgJJaa/b9VrJwKvbPwe9+0kY3gScDE1skT
ladHt+KHHmGQArEutkzHlpZa73RbroFEIa1qmN6MaDEHGoxZqDh0Sv2cpvOaVYGO
St8ZaddLBPC17bSjAPWo9sWbvL7FgPFOHhnPmbeux8SLtnfWxXWsgo5hLBanKmO1
1z+I/w/6DL6ZYZU6bAJUk+eyVVImJqw0x3IEElI07Nh9MC6BA4iJ77ejobj8HI2r
q9ulRPEqH9NR79619lNKVUkE206dVlXo7xHmJS1QZy5v/GT66xBxyDVfTduPFXk=
=oP+v
-----END PGP SIGNATURE-----

  </version>
</log>
<log realm="Q2.system" at="2018-01-17T22:38:48.432" lifespan="61ms">
  <info>
    deploy: /home/terrence/projects/BANK_FBC/build/install/BANK_FBC/deploy/50_fbc_server.xml
  </info>
</log>
<log realm="Q2.system" at="2018-01-17T22:38:48.494" lifespan="60ms">
  <info>
    deploy: /home/terrence/projects/BANK_FBC/build/install/BANK_FBC/deploy/99_sysmon.xml
  </info>
</log>
<log realm="org.jpos.q2.qbean.SystemMonitor" at="2018-01-17T22:38:48.627">
  <info>
    Starting SystemMonitor
  </info>
</log>
<log realm="simulator_7112.server" at="2018-01-17T22:38:48.667">
  <iso-server>
    listening on port 7112
  </iso-server>
</log>
<log realm="org.jpos.q2.qbean.SystemMonitor" at="2018-01-17T22:38:48.687" lifespan="1ms">
  <info>
               OS: Linux (4.14.0-parrot12-amd64)
             Java: 1.8.0_151 (Oracle Corporation) AES-secure
     process name: 15582@parrot
             host: parrot/127.0.1.1
              cwd: /home/terrence/projects/BANK_FBC/build/install/BANK_FBC
       free space: 153.9 GiB
     usable space: 145.1 GiB
          version: 2.1.1 (2a2874f)
         instance: d86e1c0e-b461-4703-9924-974e9e677a2a
           uptime: 00:00:03.159 (1.100000)
       processors: 2
           drift : 0
    memory(t/u/f): 84/26/57
         encoding: UTF-8
         timezone: Africa/Harare (Central Africa Time) +02:00
    watch service: sun.nio.fs.LinuxWatchService
            clock: 1516221528 2018-01-17T20:38:48.693Z
     thread count: 11
     peak threads: 11
     user threads: 8
            Thread[Reference Handler,10,system]
            Thread[Finalizer,8,system]
            Thread[Signal Dispatcher,9,system]
            Thread[pool-1-thread-1,5,main]
            Thread[Q2-d86e1c0e-b461-4703-9924-974e9e677a2a,5,main]
            Thread[DestroyJavaVM,5,main]
            Thread[Thread-1,5,main]
            Thread[Timer-0,5,main]
            Thread[Thread-4,5,main]
            Thread[SystemMonitor,5,main]
            Thread[simulator_7112-ThreadPool.PooledThread-0,5,simulator_7112-ThreadPool-0]
    name-registrar:
      tspace:default: org.jpos.space.TSpace
         key-count: 0
            gcinfo: 0,0
      Q2: org.jpos.q2.Q2
      logger.Q2: org.jpos.util.Logger
      logger.Q2.buffered: org.jpos.util.BufferedLogListener
      simulator_7112: org.jpos.q2.iso.QServer
      server.simulator_7112: org.jpos.iso.ISOServer
        connected=0, rx=0, tx=0, last=0
  </info>
</log>
<log realm="Q2.system" at="2018-01-17T22:39:40.109" lifespan="1ms">
  <info>
    shutting down (hook)
  </info>
</log>
<log realm="Q2.system" at="2018-01-17T22:39:41.225">
  <trace>
    undeploying:/home/terrence/projects/BANK_FBC/build/install/BANK_FBC/deploy/99_sysmon.xml
  </trace>
</log>
<log realm="org.jpos.q2.qbean.SystemMonitor" at="2018-01-17T22:39:41.230">
  <info>
    Stopping SystemMonitor
  </info>
</log>
<log realm="Q2.system" at="2018-01-17T22:39:41.234">
  <info>
    undeployed:/home/terrence/projects/BANK_FBC/build/install/BANK_FBC/deploy/99_sysmon.xml
  </info>
</log>
<log realm="Q2.system" at="2018-01-17T22:39:41.237">
  <trace>
    undeploying:/home/terrence/projects/BANK_FBC/build/install/BANK_FBC/deploy/50_fbc_server.xml
  </trace>
</log>
<log realm="simulator_7112.pool" at="2018-01-17T22:39:41.254" lifespan="9ms">
  <queue closed/>
</log>
<log realm="Q2.system" at="2018-01-17T22:39:41.256" lifespan="13ms">
  <info>
    undeployed:/home/terrence/projects/BANK_FBC/build/install/BANK_FBC/deploy/50_fbc_server.xml
  </info>
</log>
<log realm="Q2.system" at="2018-01-17T22:39:41.259">
  <trace>
    undeploying:/home/terrence/projects/BANK_FBC/build/install/BANK_FBC/deploy/00_logger.xml
  </trace>
</log>
</logger>
