<?xml version="1.0" encoding="UTF-8"?>
<logger class="org.jpos.util.DailyLogListener">
<log realm="Q2.system" at="2018-01-17T23:03:02.077">
  <info>
    Q2 started, deployDir=/home/terrence/projects/BANK_ZB/build/install/BANK_ZB/deploy
  </info>
</log>
<log realm="Q2.system" at="2018-01-17T23:03:03.772" lifespan="1623ms">
  <version>
    jPOS 2.1.1 master/2a2874f (2017-11-13 11:09:54 ART)
BANK_ZB 2.1.1 unknown/unknown (2018-01-17 23:02:58 CAT)

-----BEGIN PGP SIGNED MESSAGE-----
Hash: SHA1

jPOS Community Edition, licensed under GNU AGPL v3.0.
This software is probably not suitable for commercial use.
Please see http://jpos.org/license for details.

-----BEGIN PGP SIGNATURE-----
Version: GnuPG v1.4.9 (Darwin)

iQEcBAEBAgAGBQJMolHDAAoJEOQyeO71nYtFv74H/3OgehDGEy1VXp2U3/GcAobg
HH2eZjPUz53r38ARPiU3pzm9LwDa3WZgJJaa/b9VrJwKvbPwe9+0kY3gScDE1skT
ladHt+KHHmGQArEutkzHlpZa73RbroFEIa1qmN6MaDEHGoxZqDh0Sv2cpvOaVYGO
St8ZaddLBPC17bSjAPWo9sWbvL7FgPFOHhnPmbeux8SLtnfWxXWsgo5hLBanKmO1
1z+I/w/6DL6ZYZU6bAJUk+eyVVImJqw0x3IEElI07Nh9MC6BA4iJ77ejobj8HI2r
q9ulRPEqH9NR79619lNKVUkE206dVlXo7xHmJS1QZy5v/GT66xBxyDVfTduPFXk=
=oP+v
-----END PGP SIGNATURE-----

  </version>
</log>
<log realm="Q2.system" at="2018-01-17T23:03:03.942" lifespan="101ms">
  <info>
    deploy: /home/terrence/projects/BANK_ZB/build/install/BANK_ZB/deploy/50_zb_server.xml
  </info>
</log>
<log realm="Q2.system" at="2018-01-17T23:03:04.051" lifespan="62ms">
  <info>
    deploy: /home/terrence/projects/BANK_ZB/build/install/BANK_ZB/deploy/99_sysmon.xml
  </info>
</log>
<log realm="org.jpos.q2.qbean.SystemMonitor" at="2018-01-17T23:03:04.185">
  <info>
    Starting SystemMonitor
  </info>
</log>
<log realm="org.jpos.q2.qbean.SystemMonitor" at="2018-01-17T23:03:04.202">
  <info>
               OS: Linux (4.14.0-parrot12-amd64)
             Java: 1.8.0_151 (Oracle Corporation) AES-secure
     process name: 16080@parrot
             host: parrot/127.0.1.1
              cwd: /home/terrence/projects/BANK_ZB/build/install/BANK_ZB
       free space: 153.9 GiB
     usable space: 145.1 GiB
          version: 2.1.1 (2a2874f)
         instance: 4e3bfb71-e0c1-4e6a-91b0-b1fb34f963dc
           uptime: 00:00:03.193 (1.220000)
       processors: 2
           drift : 0
    memory(t/u/f): 84/26/57
         encoding: UTF-8
         timezone: Africa/Harare (Central Africa Time) +02:00
    watch service: sun.nio.fs.LinuxWatchService
            clock: 1516222984 2018-01-17T21:03:04.227Z
     thread count: 11
     peak threads: 11
     user threads: 8
            Thread[Reference Handler,10,system]
            Thread[Finalizer,8,system]
            Thread[Signal Dispatcher,9,system]
            Thread[pool-1-thread-1,5,main]
            Thread[Q2-4e3bfb71-e0c1-4e6a-91b0-b1fb34f963dc,5,main]
            Thread[DestroyJavaVM,5,main]
            Thread[Thread-1,5,main]
            Thread[Timer-0,5,main]
            Thread[Thread-4,5,main]
            Thread[SystemMonitor,5,main]
            Thread[simulator_7116-ThreadPool.PooledThread-0,5,simulator_7116-ThreadPool-0]
    name-registrar:
      tspace:default: org.jpos.space.TSpace
         key-count: 0
            gcinfo: 0,0
      Q2: org.jpos.q2.Q2
      simulator_7116: org.jpos.q2.iso.QServer
      logger.Q2: org.jpos.util.Logger
      logger.Q2.buffered: org.jpos.util.BufferedLogListener
      server.simulator_7116: org.jpos.iso.ISOServer
        connected=0, rx=0, tx=0, last=0
  </info>
</log>
<log realm="simulator_7116.server" at="2018-01-17T23:03:04.555" lifespan="296ms">
  <iso-server>
    listening on port 7116
  </iso-server>
</log>
<log realm="Q2.system" at="2018-01-17T23:03:28.163">
  <info>
    shutting down (hook)
  </info>
</log>
<log realm="Q2.system" at="2018-01-17T23:03:29.220">
  <trace>
    undeploying:/home/terrence/projects/BANK_ZB/build/install/BANK_ZB/deploy/99_sysmon.xml
  </trace>
</log>
<log realm="org.jpos.q2.qbean.SystemMonitor" at="2018-01-17T23:03:29.223">
  <info>
    Stopping SystemMonitor
  </info>
</log>
<log realm="org.jpos.q2.qbean.SystemMonitor" at="2018-01-17T23:03:29.226">
  <info>
               OS: Linux (4.14.0-parrot12-amd64)
             Java: 1.8.0_151 (Oracle Corporation) AES-secure
     process name: 16080@parrot
             host: parrot/127.0.1.1
              cwd: /home/terrence/projects/BANK_ZB/build/install/BANK_ZB
       free space: 153.9 GiB
     usable space: 145.1 GiB
          version: 2.1.1 (2a2874f)
         instance: 4e3bfb71-e0c1-4e6a-91b0-b1fb34f963dc
           uptime: 00:00:28.143 (0.870000)
       processors: 2
           drift : 0
    memory(t/u/f): 84/9/74
         encoding: UTF-8
         timezone: Africa/Harare (Central Africa Time) +02:00
    watch service: sun.nio.fs.LinuxWatchService
            clock: 1516223009 2018-01-17T21:03:29.227Z
     thread count: 13
     peak threads: 14
     user threads: 9
            Thread[Reference Handler,10,system]
            Thread[Finalizer,8,system]
            Thread[Signal Dispatcher,9,system]
            Thread[SIGTERM handler,9,system]
            Thread[pool-1-thread-1,5,main]
            Thread[Q2-4e3bfb71-e0c1-4e6a-91b0-b1fb34f963dc,5,main]
            Thread[DestroyJavaVM,5,main]
            Thread[Thread-1,5,main]
            Thread[Timer-0,5,main]
            Thread[Thread-4,5,main]
            Thread[SystemMonitor,5,main]
            Thread[Q2-ShutdownHook,5,main]
            Thread[simulator_7116-ThreadPool.PooledThread-0,5,simulator_7116-ThreadPool-0]
    name-registrar:
      tspace:default: org.jpos.space.TSpace
         key-count: 0
            gcinfo: 0,0
      Q2: org.jpos.q2.Q2
      simulator_7116: org.jpos.q2.iso.QServer
      logger.Q2: org.jpos.util.Logger
      logger.Q2.buffered: org.jpos.util.BufferedLogListener
      server.simulator_7116: org.jpos.iso.ISOServer
        connected=0, rx=0, tx=0, last=0
  </info>
</log>
<log realm="Q2.system" at="2018-01-17T23:03:29.247" lifespan="21ms">
  <info>
    undeployed:/home/terrence/projects/BANK_ZB/build/install/BANK_ZB/deploy/99_sysmon.xml
  </info>
</log>
<log realm="Q2.system" at="2018-01-17T23:03:29.249">
  <trace>
    undeploying:/home/terrence/projects/BANK_ZB/build/install/BANK_ZB/deploy/50_zb_server.xml
  </trace>
</log>
<log realm="simulator_7116.pool" at="2018-01-17T23:03:29.263">
  <queue closed/>
</log>
<log realm="Q2.system" at="2018-01-17T23:03:29.267">
  <info>
    undeployed:/home/terrence/projects/BANK_ZB/build/install/BANK_ZB/deploy/50_zb_server.xml
  </info>
</log>
<log realm="Q2.system" at="2018-01-17T23:03:29.270">
  <trace>
    undeploying:/home/terrence/projects/BANK_ZB/build/install/BANK_ZB/deploy/00_logger.xml
  </trace>
</log>
</logger>
